events.js:160
      throw er; // Unhandled 'error' event
      ^

Error: listen EADDRINUSE :::3000
    at Object.exports._errnoException (util.js:1022:11)
    at exports._exceptionWithHostPort (util.js:1045:20)
    at Server._listen2 (net.js:1262:14)
    at listen (net.js:1298:10)
    at Server.listen (net.js:1376:9)
    at Function.listen (/Users/liwencheng/node_modules/express/lib/application.js:618:24)
    at Object.<anonymous> (/Users/liwencheng/Desktop/1852/back_end/server_with_mongodb_post.js:259:5)
    at Module._compile (module.js:571:32)
    at Object.Module._extensions..js (module.js:580:10)
    at Module.load (module.js:488:32)
    at tryModuleLoad (module.js:447:12)
    at Function.Module._load (module.js:439:3)
    at Module.runMain (module.js:605:10)
    at run (bootstrap_node.js:420:7)
    at startup (bootstrap_node.js:139:9)
    at bootstrap_node.js:535:3
